
Showing logs for build [32mpns-si5-al-creditrama-d-1920-cr-9qt2b-8[0m stage [32mfrom-build-pack[0m and container [32mstep-credential-initializer-xhz5l[0m
{"level":"warn","ts":1579689104.3111293,"logger":"fallback-logger","caller":"logging/config.go:69","msg":"Fetch GitHub commit ID from kodata failed: \"ref: refs/heads/0.8.0-**-support-backwards-incompats\" is not a valid GitHub commit ID"}
{"level":"info","ts":1579689104.3119683,"logger":"fallback-logger","caller":"creds-init/main.go:40","msg":"Credentials initialized."}

Showing logs for build [32mpns-si5-al-creditrama-d-1920-cr-9qt2b-8[0m stage [32mfrom-build-pack[0m and container [32mstep-working-dir-initializer-mqp5q[0m
{"level":"warn","ts":1579689109.5159101,"logger":"fallback-logger","caller":"logging/config.go:69","msg":"Fetch GitHub commit ID from kodata failed: open /var/run/ko/HEAD: no such file or directory"}
{"level":"info","ts":1579689109.517423,"logger":"fallback-logger","caller":"bash/main.go:64","msg":"Successfully executed command \"sh -c mkdir -p /workspace/source\"; output "}

Showing logs for build [32mpns-si5-al-creditrama-d-1920-cr-9qt2b-8[0m stage [32mfrom-build-pack[0m and container [32mstep-place-tools[0m

Showing logs for build [32mpns-si5-al-creditrama-d-1920-cr-9qt2b-8[0m stage [32mfrom-build-pack[0m and container [32mstep-git-source-pns-si5-al-creditrama-d-1920-cr-mtpz5[0m
{"level":"warn","ts":1579689153.800174,"logger":"fallback-logger","caller":"logging/config.go:69","msg":"Fetch GitHub commit ID from kodata failed: \"ref: refs/heads/0.8.0-**-support-backwards-incompats\" is not a valid GitHub commit ID"}
{"level":"info","ts":1579689155.3169708,"logger":"fallback-logger","caller":"git/git.go:103","msg":"Successfully cloned https://github.com/pns-si5-al-creditrama-d-1920/creditrama-team-d-authorization-service.git @ v0.0.9 in path /workspace/source"}

Showing logs for build [32mpns-si5-al-creditrama-d-1920-cr-9qt2b-8[0m stage [32mfrom-build-pack[0m and container [32mstep-git-merge[0m
Using SHAs from PULL_REFS=master:17074f5d1e819a88f4b518b86ca74185d6fc5af9
WARNING: no SHAs to merge, falling back to initial cloned commit

Showing logs for build [32mpns-si5-al-creditrama-d-1920-cr-9qt2b-8[0m stage [32mfrom-build-pack[0m and container [32mstep-setup-jx-git-credentials[0m
Generated Git credentials file /workspace/xdg_config/git/credentials

Showing logs for build [32mpns-si5-al-creditrama-d-1920-cr-9qt2b-8[0m stage [32mfrom-build-pack[0m and container [32mstep-build-mvn-deploy[0m
Picked up _JAVA_OPTIONS: -XX:+UnlockExperimentalVMOptions -XX:+UseCGroupMemoryLimitForHeap -Dsun.zip.disableMemoryMapping=true -XX:+UseParallelGC -XX:MinHeapFreeRatio=5 -XX:MaxHeapFreeRatio=10 -XX:GCTimeRatio=4 -XX:AdaptiveSizePolicyWeight=90 -Xms10m -Xmx192m
OpenJDK 64-Bit Server VM warning: If the number of processors is expected to increase from one, then you should configure the number of parallel GC threads appropriately using -XX:ParallelGCThreads=N
[INFO] Scanning for projects...
[WARNING] 
[WARNING] Some problems were encountered while building the effective model for fr.unice.polytech.si5.al.creditrama.teamd:authorization-service:jar:0.0.9
[WARNING] 'dependencies.dependency.(groupId:artifactId:type:classifier)' must be unique: org.springframework.security.oauth.boot:spring-security-oauth2-autoconfigure:jar -> duplicate declaration of version 2.1.8.RELEASE @ line 71, column 21
[WARNING] 'dependencies.dependency.(groupId:artifactId:type:classifier)' must be unique: org.springframework.security.oauth.boot:spring-security-oauth2-autoconfigure:jar -> duplicate declaration of version 2.1.8.RELEASE @ line 77, column 21
[WARNING] 
[WARNING] It is highly recommended to fix these problems because they threaten the stability of your build.
[WARNING] 
[WARNING] For this reason, future Maven versions might no longer support building such malformed projects.
[WARNING] 
[INFO] 
[INFO] --< fr.unice.polytech.si5.al.creditrama.teamd:authorization-service >---
[INFO] Building authorization-service 0.0.9
[INFO] --------------------------------[ jar ]---------------------------------
[INFO] 
[INFO] --- maven-clean-plugin:3.1.0:clean (default-clean) @ authorization-service ---
[INFO] 
[INFO] --- maven-resources-plugin:3.1.0:resources (default-resources) @ authorization-service ---
[INFO] Using 'UTF-8' encoding to copy filtered resources.
[INFO] Copying 3 resources
[INFO] 
[INFO] --- maven-compiler-plugin:3.8.1:compile (default-compile) @ authorization-service ---
[INFO] Changes detected - recompiling the module!
[INFO] Compiling 16 source files to /workspace/source/target/classes
[INFO] 
[INFO] --- maven-resources-plugin:3.1.0:testResources (default-testResources) @ authorization-service ---
[INFO] Using 'UTF-8' encoding to copy filtered resources.
[INFO] Copying 1 resource
[INFO] 
[INFO] --- maven-compiler-plugin:3.8.1:testCompile (default-testCompile) @ authorization-service ---
[INFO] Changes detected - recompiling the module!
[INFO] Compiling 1 source file to /workspace/source/target/test-classes
[INFO] 
[INFO] --- maven-surefire-plugin:3.0.0-M1:test (default-test) @ authorization-service ---
[INFO] 
[INFO] -------------------------------------------------------
[INFO]  T E S T S
[INFO] -------------------------------------------------------
[INFO] Running fr.unice.polytech.si5.al.creditrama.teamd.authorizationservice.AuthorizationServiceApplicationTests
10:35:47.328 [main] DEBUG org.springframework.test.context.junit4.SpringJUnit4ClassRunner - SpringJUnit4ClassRunner constructor called with [class fr.unice.polytech.si5.al.creditrama.teamd.authorizationservice.AuthorizationServiceApplicationTests]
10:35:47.387 [main] DEBUG org.springframework.test.context.BootstrapUtils - Instantiating CacheAwareContextLoaderDelegate from class [org.springframework.test.context.cache.DefaultCacheAwareContextLoaderDelegate]
10:35:47.395 [main] DEBUG org.springframework.test.context.BootstrapUtils - Instantiating BootstrapContext using constructor [public org.springframework.test.context.support.DefaultBootstrapContext(java.lang.Class,org.springframework.test.context.CacheAwareContextLoaderDelegate)]
10:35:47.413 [main] DEBUG org.springframework.test.context.BootstrapUtils - Instantiating TestContextBootstrapper for test class [fr.unice.polytech.si5.al.creditrama.teamd.authorizationservice.AuthorizationServiceApplicationTests] from class [org.springframework.boot.test.context.SpringBootTestContextBootstrapper]
10:35:47.423 [main] INFO org.springframework.boot.test.context.SpringBootTestContextBootstrapper - Neither @ContextConfiguration nor @ContextHierarchy found for test class [fr.unice.polytech.si5.al.creditrama.teamd.authorizationservice.AuthorizationServiceApplicationTests], using SpringBootContextLoader
10:35:47.427 [main] DEBUG org.springframework.test.context.support.AbstractContextLoader - Did not detect default resource location for test class [fr.unice.polytech.si5.al.creditrama.teamd.authorizationservice.AuthorizationServiceApplicationTests]: class path resource [fr/unice/polytech/si5/al/creditrama/teamd/authorizationservice/AuthorizationServiceApplicationTests-context.xml] does not exist
10:35:47.427 [main] DEBUG org.springframework.test.context.support.AbstractContextLoader - Did not detect default resource location for test class [fr.unice.polytech.si5.al.creditrama.teamd.authorizationservice.AuthorizationServiceApplicationTests]: class path resource [fr/unice/polytech/si5/al/creditrama/teamd/authorizationservice/AuthorizationServiceApplicationTestsContext.groovy] does not exist
10:35:47.428 [main] INFO org.springframework.test.context.support.AbstractContextLoader - Could not detect default resource locations for test class [fr.unice.polytech.si5.al.creditrama.teamd.authorizationservice.AuthorizationServiceApplicationTests]: no resource found for suffixes {-context.xml, Context.groovy}.
10:35:47.428 [main] INFO org.springframework.test.context.support.AnnotationConfigContextLoaderUtils - Could not detect default configuration classes for test class [fr.unice.polytech.si5.al.creditrama.teamd.authorizationservice.AuthorizationServiceApplicationTests]: AuthorizationServiceApplicationTests does not declare any static, non-private, non-final, nested classes annotated with @Configuration.
10:35:47.587 [main] DEBUG org.springframework.test.context.support.ActiveProfilesUtils - Could not find an 'annotation declaring class' for annotation type [org.springframework.test.context.ActiveProfiles] and class [fr.unice.polytech.si5.al.creditrama.teamd.authorizationservice.AuthorizationServiceApplicationTests]
10:35:47.703 [main] DEBUG org.springframework.context.annotation.ClassPathScanningCandidateComponentProvider - Identified candidate component class: file [/workspace/source/target/classes/fr/unice/polytech/si5/al/creditrama/teamd/authorizationservice/AuthorizationServiceApplication.class]
10:35:47.704 [main] INFO org.springframework.boot.test.context.SpringBootTestContextBootstrapper - Found @SpringBootConfiguration fr.unice.polytech.si5.al.creditrama.teamd.authorizationservice.AuthorizationServiceApplication for test class fr.unice.polytech.si5.al.creditrama.teamd.authorizationservice.AuthorizationServiceApplicationTests
10:35:47.927 [main] DEBUG org.springframework.boot.test.context.SpringBootTestContextBootstrapper - @TestExecutionListeners is not present for class [fr.unice.polytech.si5.al.creditrama.teamd.authorizationservice.AuthorizationServiceApplicationTests]: using defaults.
10:35:47.928 [main] INFO org.springframework.boot.test.context.SpringBootTestContextBootstrapper - Loaded default TestExecutionListener class names from location [META-INF/spring.factories]: [org.springframework.boot.test.mock.mockito.MockitoTestExecutionListener, org.springframework.boot.test.mock.mockito.ResetMocksTestExecutionListener, org.springframework.boot.test.autoconfigure.restdocs.RestDocsTestExecutionListener, org.springframework.boot.test.autoconfigure.web.client.MockRestServiceServerResetTestExecutionListener, org.springframework.boot.test.autoconfigure.web.servlet.MockMvcPrintOnlyOnFailureTestExecutionListener, org.springframework.boot.test.autoconfigure.web.servlet.WebDriverTestExecutionListener, org.springframework.test.context.web.ServletTestExecutionListener, org.springframework.test.context.support.DirtiesContextBeforeModesTestExecutionListener, org.springframework.test.context.support.DependencyInjectionTestExecutionListener, org.springframework.test.context.support.DirtiesContextTestExecutionListener, org.springframework.test.context.transaction.TransactionalTestExecutionListener, org.springframework.test.context.jdbc.SqlScriptsTestExecutionListener]
10:35:47.997 [main] INFO org.springframework.boot.test.context.SpringBootTestContextBootstrapper - Using TestExecutionListeners: [org.springframework.test.context.web.ServletTestExecutionListener@5c33f1a9, org.springframework.test.context.support.DirtiesContextBeforeModesTestExecutionListener@1623b78d, org.springframework.boot.test.mock.mockito.MockitoTestExecutionListener@c8c12ac, org.springframework.boot.test.autoconfigure.SpringBootDependencyInjectionTestExecutionListener@6adbc9d, org.springframework.test.context.support.DirtiesContextTestExecutionListener@4550bb58, org.springframework.test.context.transaction.TransactionalTestExecutionListener@4ec4f3a0, org.springframework.test.context.jdbc.SqlScriptsTestExecutionListener@223191a6, org.springframework.boot.test.mock.mockito.ResetMocksTestExecutionListener@49139829, org.springframework.boot.test.autoconfigure.restdocs.RestDocsTestExecutionListener@9597028, org.springframework.boot.test.autoconfigure.web.client.MockRestServiceServerResetTestExecutionListener@6069db50, org.springframework.boot.test.autoconfigure.web.servlet.MockMvcPrintOnlyOnFailureTestExecutionListener@4efbca5a, org.springframework.boot.test.autoconfigure.web.servlet.WebDriverTestExecutionListener@1b7cc17c]
10:35:47.999 [main] DEBUG org.springframework.test.annotation.ProfileValueUtils - Retrieved @ProfileValueSourceConfiguration [null] for test class [fr.unice.polytech.si5.al.creditrama.teamd.authorizationservice.AuthorizationServiceApplicationTests]
10:35:47.999 [main] DEBUG org.springframework.test.annotation.ProfileValueUtils - Retrieved ProfileValueSource type [class org.springframework.test.annotation.SystemProfileValueSource] for class [fr.unice.polytech.si5.al.creditrama.teamd.authorizationservice.AuthorizationServiceApplicationTests]
10:35:48.000 [main] DEBUG org.springframework.test.annotation.ProfileValueUtils - Retrieved @ProfileValueSourceConfiguration [null] for test class [fr.unice.polytech.si5.al.creditrama.teamd.authorizationservice.AuthorizationServiceApplicationTests]
10:35:48.000 [main] DEBUG org.springframework.test.annotation.ProfileValueUtils - Retrieved ProfileValueSource type [class org.springframework.test.annotation.SystemProfileValueSource] for class [fr.unice.polytech.si5.al.creditrama.teamd.authorizationservice.AuthorizationServiceApplicationTests]
10:35:48.001 [main] DEBUG org.springframework.test.annotation.ProfileValueUtils - Retrieved @ProfileValueSourceConfiguration [null] for test class [fr.unice.polytech.si5.al.creditrama.teamd.authorizationservice.AuthorizationServiceApplicationTests]
10:35:48.001 [main] DEBUG org.springframework.test.annotation.ProfileValueUtils - Retrieved ProfileValueSource type [class org.springframework.test.annotation.SystemProfileValueSource] for class [fr.unice.polytech.si5.al.creditrama.teamd.authorizationservice.AuthorizationServiceApplicationTests]
10:35:48.007 [main] DEBUG org.springframework.test.context.support.AbstractDirtiesContextTestExecutionListener - Before test class: context [DefaultTestContext@4562e04d testClass = AuthorizationServiceApplicationTests, testInstance = [null], testMethod = [null], testException = [null], mergedContextConfiguration = [WebMergedContextConfiguration@2a65fe7c testClass = AuthorizationServiceApplicationTests, locations = '{}', classes = '{class fr.unice.polytech.si5.al.creditrama.teamd.authorizationservice.AuthorizationServiceApplication}', contextInitializerClasses = '[]', activeProfiles = '{}', propertySourceLocations = '{}', propertySourceProperties = '{org.springframework.boot.test.context.SpringBootTestContextBootstrapper=true}', contextCustomizers = set[org.springframework.boot.test.context.filter.ExcludeFilterContextCustomizer@42d8062c, org.springframework.boot.test.json.DuplicateJsonObjectContextCustomizerFactory$DuplicateJsonObjectContextCustomizer@59906517, org.springframework.boot.test.mock.mockito.MockitoContextCustomizer@0, org.springframework.boot.test.web.client.TestRestTemplateContextCustomizer@612fc6eb, org.springframework.boot.test.autoconfigure.properties.PropertyMappingContextCustomizer@0, org.springframework.boot.test.autoconfigure.web.servlet.WebDriverContextCustomizerFactory$Customizer@64f6106c], resourceBasePath = 'src/main/webapp', contextLoader = 'org.springframework.boot.test.context.SpringBootContextLoader', parent = [null]], attributes = map['org.springframework.test.context.web.ServletTestExecutionListener.activateListener' -> true]], class annotated with @DirtiesContext [false] with mode [null].
10:35:48.008 [main] DEBUG org.springframework.test.annotation.ProfileValueUtils - Retrieved @ProfileValueSourceConfiguration [null] for test class [fr.unice.polytech.si5.al.creditrama.teamd.authorizationservice.AuthorizationServiceApplicationTests]
10:35:48.008 [main] DEBUG org.springframework.test.annotation.ProfileValueUtils - Retrieved ProfileValueSource type [class org.springframework.test.annotation.SystemProfileValueSource] for class [fr.unice.polytech.si5.al.creditrama.teamd.authorizationservice.AuthorizationServiceApplicationTests]
10:35:48.086 [main] DEBUG org.springframework.test.context.support.TestPropertySourceUtils - Adding inlined properties to environment: {spring.jmx.enabled=false, org.springframework.boot.test.context.SpringBootTestContextBootstrapper=true, server.port=-1}
2020-01-22 10:35:50.184  INFO 69 --- [           main] trationDelegate$BeanPostProcessorChecker : Bean 'org.springframework.cloud.autoconfigure.ConfigurationPropertiesRebinderAutoConfiguration' of type [org.springframework.cloud.autoconfigure.ConfigurationPropertiesRebinderAutoConfiguration$$EnhancerBySpringCGLIB$$cdc29aae] is not eligible for getting processed by all BeanPostProcessors (for example: not eligible for auto-proxying)

  .   ____          _            __ _ _
 /\\ / ___'_ __ _ _(_)_ __  __ _ \ \ \ \
( ( )\___ | '_ | '_| | '_ \/ _` | \ \ \ \
 \\/  ___)| |_)| | | | | || (_| |  ) ) ) )
  '  |____| .__|_| |_|_| |_\__, | / / / /
 =========|_|==============|___/=/_/_/_/
 :: Spring Boot ::        (v2.1.9.RELEASE)

2020-01-22 10:35:50.899  INFO 69 --- [           main] t.a.AuthorizationServiceApplicationTests : No active profile set, falling back to default profiles: default
2020-01-22 10:35:53.496  INFO 69 --- [           main] .s.d.r.c.RepositoryConfigurationDelegate : Bootstrapping Spring Data repositories in DEFAULT mode.
2020-01-22 10:35:53.689  INFO 69 --- [           main] .s.d.r.c.RepositoryConfigurationDelegate : Finished Spring Data repository scanning in 186ms. Found 3 repository interfaces.
2020-01-22 10:35:54.506  INFO 69 --- [           main] o.s.cloud.context.scope.GenericScope     : BeanFactory id=786a8f57-9bb2-34dd-9d22-35caf6a0375f
2020-01-22 10:35:55.114  INFO 69 --- [           main] trationDelegate$BeanPostProcessorChecker : Bean 'org.springframework.transaction.annotation.ProxyTransactionManagementConfiguration' of type [org.springframework.transaction.annotation.ProxyTransactionManagementConfiguration$$EnhancerBySpringCGLIB$$b1a897b1] is not eligible for getting processed by all BeanPostProcessors (for example: not eligible for auto-proxying)
2020-01-22 10:35:55.216  INFO 69 --- [           main] trationDelegate$BeanPostProcessorChecker : Bean 'org.springframework.cloud.autoconfigure.ConfigurationPropertiesRebinderAutoConfiguration' of type [org.springframework.cloud.autoconfigure.ConfigurationPropertiesRebinderAutoConfiguration$$EnhancerBySpringCGLIB$$cdc29aae] is not eligible for getting processed by all BeanPostProcessors (for example: not eligible for auto-proxying)
2020-01-22 10:35:55.620  INFO 69 --- [           main] com.zaxxer.hikari.HikariDataSource       : HikariPool-1 - Starting...
2020-01-22 10:35:56.130  INFO 69 --- [           main] com.zaxxer.hikari.HikariDataSource       : HikariPool-1 - Start completed.
2020-01-22 10:35:56.615  INFO 69 --- [           main] o.hibernate.jpa.internal.util.LogHelper  : HHH000204: Processing PersistenceUnitInfo [
	name: default
	...]
2020-01-22 10:35:56.786  INFO 69 --- [           main] org.hibernate.Version                    : HHH000412: Hibernate Core {5.3.12.Final}
2020-01-22 10:35:56.788  INFO 69 --- [           main] org.hibernate.cfg.Environment            : HHH000206: hibernate.properties not found
2020-01-22 10:35:57.090  INFO 69 --- [           main] o.hibernate.annotations.common.Version   : HCANN000001: Hibernate Commons Annotations {5.0.4.Final}
2020-01-22 10:35:57.518  INFO 69 --- [           main] org.hibernate.dialect.Dialect            : HHH000400: Using dialect: org.hibernate.dialect.H2Dialect
2020-01-22 10:35:59.214  INFO 69 --- [           main] o.h.t.schema.internal.SchemaCreatorImpl  : HHH000476: Executing import script 'org.hibernate.tool.schema.internal.exec.ScriptSourceInputNonExistentImpl@61c87f1b'
2020-01-22 10:35:59.217  INFO 69 --- [           main] j.LocalContainerEntityManagerFactoryBean : Initialized JPA EntityManagerFactory for persistence unit 'default'
2020-01-22 10:36:03.109  INFO 69 --- [           main] o.s.s.concurrent.ThreadPoolTaskExecutor  : Initializing ExecutorService 'applicationTaskExecutor'
2020-01-22 10:36:03.217  WARN 69 --- [           main] aWebConfiguration$JpaWebMvcConfiguration : spring.jpa.open-in-view is enabled by default. Therefore, database queries may be performed during view rendering. Explicitly configure spring.jpa.open-in-view to disable this warning
2020-01-22 10:36:05.815  INFO 69 --- [           main] o.s.s.web.DefaultSecurityFilterChain     : Creating filter chain: Ant [pattern='/oauth/token', OPTIONS], []
2020-01-22 10:36:05.815  INFO 69 --- [           main] o.s.s.web.DefaultSecurityFilterChain     : Creating filter chain: Ant [pattern='/actuator/**'], []
2020-01-22 10:36:06.093  INFO 69 --- [           main] o.s.s.web.DefaultSecurityFilterChain     : Creating filter chain: OrRequestMatcher [requestMatchers=[Ant [pattern='/oauth/token'], Ant [pattern='/oauth/token_key'], Ant [pattern='/oauth/check_token']]], [org.springframework.security.web.context.request.async.WebAsyncManagerIntegrationFilter@1e36baca, org.springframework.security.web.context.SecurityContextPersistenceFilter@2b06681c, org.springframework.security.web.header.HeaderWriterFilter@1ddba7a0, org.springframework.security.web.authentication.logout.LogoutFilter@42fa5cb, org.springframework.security.oauth2.provider.client.ClientCredentialsTokenEndpointFilter@3d73cd78, org.springframework.security.web.authentication.www.BasicAuthenticationFilter@79349b61, org.springframework.security.web.savedrequest.RequestCacheAwareFilter@67cd84f9, org.springframework.security.web.servletapi.SecurityContextHolderAwareRequestFilter@70e54ec3, org.springframework.security.web.authentication.AnonymousAuthenticationFilter@3dfa2f64, org.springframework.security.web.session.SessionManagementFilter@7dfec0bc, org.springframework.security.web.access.ExceptionTranslationFilter@731fae, org.springframework.security.web.access.intercept.FilterSecurityInterceptor@289da1bc]
2020-01-22 10:36:06.104  INFO 69 --- [           main] o.s.s.web.DefaultSecurityFilterChain     : Creating filter chain: org.springframework.security.oauth2.config.annotation.web.configuration.ResourceServerConfiguration$NotOAuthRequestMatcher@52325940, [org.springframework.security.web.context.request.async.WebAsyncManagerIntegrationFilter@7f792530, org.springframework.security.web.context.SecurityContextPersistenceFilter@56a72887, org.springframework.security.web.header.HeaderWriterFilter@5df54296, org.springframework.security.web.authentication.logout.LogoutFilter@4cddc036, org.springframework.security.oauth2.provider.authentication.OAuth2AuthenticationProcessingFilter@5bb3dee7, org.springframework.security.web.savedrequest.RequestCacheAwareFilter@3c8dea0b, org.springframework.security.web.servletapi.SecurityContextHolderAwareRequestFilter@4b9beefe, org.springframework.security.web.authentication.AnonymousAuthenticationFilter@1adfb5b8, org.springframework.security.web.session.SessionManagementFilter@1fb30e5d, org.springframework.security.web.access.ExceptionTranslationFilter@5e8698c0, org.springframework.security.web.access.intercept.FilterSecurityInterceptor@20d3fff4]
2020-01-22 10:36:06.185  INFO 69 --- [           main] o.s.s.web.DefaultSecurityFilterChain     : Creating filter chain: any request, [org.springframework.security.web.context.request.async.WebAsyncManagerIntegrationFilter@b2e1df3, org.springframework.security.web.context.SecurityContextPersistenceFilter@443ac5b8, org.springframework.security.web.header.HeaderWriterFilter@5cb76070, org.springframework.security.web.csrf.CsrfFilter@2079fcfc, org.springframework.security.web.authentication.logout.LogoutFilter@63318b56, org.springframework.security.web.authentication.UsernamePasswordAuthenticationFilter@12a9e864, org.springframework.security.web.authentication.ui.DefaultLoginPageGeneratingFilter@713497cd, org.springframework.security.web.authentication.ui.DefaultLogoutPageGeneratingFilter@56193e3a, org.springframework.security.web.authentication.www.BasicAuthenticationFilter@3c6fc4cd, org.springframework.security.web.savedrequest.RequestCacheAwareFilter@126d0868, org.springframework.security.web.servletapi.SecurityContextHolderAwareRequestFilter@753e4eb5, org.springframework.security.web.authentication.AnonymousAuthenticationFilter@6cf3b3d7, org.springframework.security.web.session.SessionManagementFilter@3346e906, org.springframework.security.web.access.ExceptionTranslationFilter@7865cc83, org.springframework.security.web.access.intercept.FilterSecurityInterceptor@24f2608b]
2020-01-22 10:36:06.711  INFO 69 --- [           main] o.s.b.a.e.web.EndpointLinksResolver      : Exposing 2 endpoint(s) beneath base path '/actuator'
2020-01-22 10:36:06.899  INFO 69 --- [           main] t.a.AuthorizationServiceApplicationTests : Started AuthorizationServiceApplicationTests in 18.807 seconds (JVM running for 20.376)
2020-01-22 10:36:06.985  INFO 69 --- [           main] o.h.h.i.QueryTranslatorFactoryInitiator  : HHH000397: Using ASTQueryTranslatorFactory
[INFO] Tests run: 1, Failures: 0, Errors: 0, Skipped: 0, Time elapsed: 20.581 s - in fr.unice.polytech.si5.al.creditrama.teamd.authorizationservice.AuthorizationServiceApplicationTests
2020-01-22 10:36:07.623  INFO 69 --- [       Thread-6] o.s.s.concurrent.ThreadPoolTaskExecutor  : Shutting down ExecutorService 'applicationTaskExecutor'
2020-01-22 10:36:07.628  INFO 69 --- [       Thread-6] j.LocalContainerEntityManagerFactoryBean : Closing JPA EntityManagerFactory for persistence unit 'default'
2020-01-22 10:36:07.628  INFO 69 --- [       Thread-6] .SchemaDropperImpl$DelayedDropActionImpl : HHH000477: Starting delayed evictData of schema as part of SessionFactory shut-down'
2020-01-22 10:36:07.630  WARN 69 --- [       Thread-6] o.h.engine.jdbc.spi.SqlExceptionHelper   : SQL Error: 90121, SQLState: 90121
2020-01-22 10:36:07.630 ERROR 69 --- [       Thread-6] o.h.engine.jdbc.spi.SqlExceptionHelper   : Database is already closed (to disable automatic closing at VM shutdown, add ";DB_CLOSE_ON_EXIT=FALSE" to the db URL) [90121-199]
2020-01-22 10:36:07.631  WARN 69 --- [       Thread-6] o.h.engine.jdbc.spi.SqlExceptionHelper   : SQL Error: 90121, SQLState: 90121
2020-01-22 10:36:07.682 ERROR 69 --- [       Thread-6] o.h.engine.jdbc.spi.SqlExceptionHelper   : Database is already closed (to disable automatic closing at VM shutdown, add ";DB_CLOSE_ON_EXIT=FALSE" to the db URL) [90121-199]
2020-01-22 10:36:07.682  WARN 69 --- [       Thread-6] o.s.b.f.support.DisposableBeanAdapter    : Invocation of destroy method failed on bean with name 'entityManagerFactory': org.hibernate.exception.JDBCConnectionException: Unable to release JDBC Connection used for DDL execution
2020-01-22 10:36:07.683  INFO 69 --- [       Thread-6] com.zaxxer.hikari.HikariDataSource       : HikariPool-1 - Shutdown initiated...
2020-01-22 10:36:07.686  INFO 69 --- [       Thread-6] com.zaxxer.hikari.HikariDataSource       : HikariPool-1 - Shutdown completed.
[INFO] 
[INFO] Results:
[INFO] 
[INFO] Tests run: 1, Failures: 0, Errors: 0, Skipped: 0
[INFO] 
[INFO] 
[INFO] --- maven-jar-plugin:3.1.2:jar (default-jar) @ authorization-service ---
[INFO] Building jar: /workspace/source/target/authorization-service-0.0.9.jar
[INFO] 
[INFO] --- spring-boot-maven-plugin:2.1.9.RELEASE:repackage (repackage) @ authorization-service ---
[INFO] Replacing main artifact with repackaged archive
[INFO] 
[INFO] --- maven-dependency-plugin:3.1.1:unpack (unpack) @ authorization-service ---
[INFO] Configured Artifact: fr.unice.polytech.si5.al.creditrama.teamd:authorization-service:0.0.9:jar
[INFO] Unpacking /workspace/source/target/authorization-service-0.0.9.jar to /workspace/source/target/dependency with includes "" and excludes ""
[INFO] 
[INFO] --- maven-install-plugin:2.5.2:install (default-install) @ authorization-service ---
[INFO] Installing /workspace/source/target/authorization-service-0.0.9.jar to /root/.mvnrepository/fr/unice/polytech/si5/al/creditrama/teamd/authorization-service/0.0.9/authorization-service-0.0.9.jar
[INFO] Installing /workspace/source/pom.xml to /root/.mvnrepository/fr/unice/polytech/si5/al/creditrama/teamd/authorization-service/0.0.9/authorization-service-0.0.9.pom
[INFO] 
[INFO] --- maven-deploy-plugin:2.8.2:deploy (default-deploy) @ authorization-service ---
[INFO] Using alternate deployment repository nexus::default::http://nexus/repository/maven-releases/
[INFO] ------------------------------------------------------------------------
[INFO] BUILD SUCCESS
[INFO] ------------------------------------------------------------------------
[INFO] Total time:  04:30 min
[INFO] Finished at: 2020-01-22T10:37:20Z
[INFO] ------------------------------------------------------------------------

Showing logs for build [32mpns-si5-al-creditrama-d-1920-cr-9qt2b-8[0m stage [32mfrom-build-pack[0m and container [32mstep-build-skaffold-version[0m
v1.0.1

Showing logs for build [32mpns-si5-al-creditrama-d-1920-cr-9qt2b-8[0m stage [32mfrom-build-pack[0m and container [32mstep-build-container-build[0m
[36mINFO[0m[0002] Downloading base image openjdk:8-jdk-slim    
2020/01/22 10:37:25 No matching credentials were found, falling back on anonymous
[36mINFO[0m[0004] Error while retrieving image from cache: getting file info: stat /workspace/sha256:1ca54f9636c527ec05550bf9bdcbc10a86ab6c28381db73ac3411466055dd300: no such file or directory 
[36mINFO[0m[0004] Downloading base image openjdk:8-jdk-slim    
2020/01/22 10:37:27 No matching credentials were found, falling back on anonymous
[36mINFO[0m[0005] cmd: EXPOSE                                  
[36mINFO[0m[0005] Adding exposed port: 8080/tcp                
[36mINFO[0m[0005] Using files from context: [/workspace/source/pom.xml] 
[36mINFO[0m[0005] Using files from context: [/workspace/source/target/authorization-service-0.0.9.jar] 
[36mINFO[0m[0005] Skipping unpacking as no commands require it. 
[36mINFO[0m[0005] Taking snapshot of full filesystem...        
[36mINFO[0m[0097] ENV PORT 8080                                
[36mINFO[0m[0097] No files changed in this command, skipping snapshotting. 
[36mINFO[0m[0097] ENV CLASSPATH /opt/lib                       
[36mINFO[0m[0097] No files changed in this command, skipping snapshotting. 
[36mINFO[0m[0097] EXPOSE 8080                                  
[36mINFO[0m[0097] cmd: EXPOSE                                  
[36mINFO[0m[0097] Adding exposed port: 8080/tcp                
[36mINFO[0m[0097] No files changed in this command, skipping snapshotting. 
[36mINFO[0m[0097] Using files from context: [/workspace/source/pom.xml] 
[36mINFO[0m[0097] COPY pom.xml target/lib* /opt/lib/           
[36mINFO[0m[0097] Taking snapshot of files...                  
[36mINFO[0m[0097] Using files from context: [/workspace/source/target/authorization-service-0.0.9.jar] 
[36mINFO[0m[0097] COPY target/*.jar /opt/app.jar               
[36mINFO[0m[0097] Taking snapshot of files...                  
[36mINFO[0m[0098] WORKDIR /opt                                 
[36mINFO[0m[0098] cmd: workdir                                 
[36mINFO[0m[0098] Changed working directory to /opt            
[36mINFO[0m[0098] No files changed in this command, skipping snapshotting. 
[36mINFO[0m[0098] CMD ["java", "-XX:+UnlockExperimentalVMOptions", "-XX:+UseCGroupMemoryLimitForHeap", "-jar", "app.jar"] 
[36mINFO[0m[0098] No files changed in this command, skipping snapshotting. 
2020/01/22 10:39:01 existing blob: sha256:e18af1784b1ff42bce5eb771c6fb00c06471e462db471e4821b42a75f99d1bee
2020/01/22 10:39:01 existing blob: sha256:8ec398bc03560e0fa56440e96da307cdf0b1ad153f459b52bca53ae7ddb8236d
2020/01/22 10:39:01 existing blob: sha256:8e866b0959566a21a8fa7eb2f7f12da0d12aa3498d6c31bb25a6ede1fa632ac2
2020/01/22 10:39:01 existing blob: sha256:2af781a14d60d4ac7ef41ca3bed9787d5bc332e74f0b64183528b9ae196b6aa4
2020/01/22 10:39:09 pushed blob: sha256:b04dd07527683d3dfa26b71075b4705c43126d80dc2eecbc6e469116ef87d1a2
2020/01/22 10:39:09 pushed blob: sha256:e2b077ceb1d4778958de6434e10a468e1c3c2bee520807a85fbae88f278bcffa
2020/01/22 10:39:10 pushed blob: sha256:67584b1d918924fe52dffa93d97881ac7512321571c6412272a9401423224b45
error pushing image: failed to push to destination docker-registry.default.svc:5000/pns-si5-al-creditrama-d-1920/creditrama-team-d-authorization-service:0.0.9: UNKNOWN: unknown error; map[Code:ImageStream:Unknown Message:CreateImageStreamMapping: error creation of pns-si5-al-creditrama-d-1920/creditrama-team-d-authorization-service ImageStreamMapping Err:map[ErrStatus:map[code:404 metadata:map[] status:Failure message:namespaces "pns-si5-al-creditrama-d-1920" not found reason:NotFound details:map[name:pns-si5-al-creditrama-d-1920 kind:namespaces]]]]
[31m
Pipeline failed on stage 'from-build-pack' : container 'step-build-container-build'. The execution of the pipeline has stopped.[0m
